2024-03-30 13:13:54,326 INFO     Processes_1 calc start
2024-03-30 13:13:54,328 INFO     Processes_1_0 integrate start
2024-03-30 13:13:58,128 INFO     Processes_1_0 integrate end
2024-03-30 13:13:58,129 INFO     Processes_1 calc end
2024-03-30 13:13:58,130 INFO     Processes_2 calc start
2024-03-30 13:13:58,132 INFO     Processes_2_0 integrate start
2024-03-30 13:13:58,132 INFO     Processes_2_1 integrate start
2024-03-30 13:14:00,136 INFO     Processes_2_0 integrate end
2024-03-30 13:14:00,164 INFO     Processes_2_1 integrate end
2024-03-30 13:14:00,165 INFO     Processes_2 calc end
2024-03-30 13:14:00,165 INFO     Processes_3 calc start
2024-03-30 13:14:00,168 INFO     Processes_3_0 integrate start
2024-03-30 13:14:00,168 INFO     Processes_3_1 integrate start
2024-03-30 13:14:00,168 INFO     Processes_3_2 integrate start
2024-03-30 13:14:01,526 INFO     Processes_3_0 integrate end
2024-03-30 13:14:01,526 INFO     Processes_3_2 integrate end
2024-03-30 13:14:01,536 INFO     Processes_3_1 integrate end
2024-03-30 13:14:01,537 INFO     Processes_3 calc end
2024-03-30 13:14:01,537 INFO     Processes_4 calc start
2024-03-30 13:14:01,540 INFO     Processes_4_0 integrate start
2024-03-30 13:14:01,540 INFO     Processes_4_1 integrate start
2024-03-30 13:14:01,540 INFO     Processes_4_2 integrate start
2024-03-30 13:14:01,540 INFO     Processes_4_3 integrate start
2024-03-30 13:14:02,617 INFO     Processes_4_3 integrate end
2024-03-30 13:14:02,617 INFO     Processes_4_1 integrate end
2024-03-30 13:14:02,623 INFO     Processes_4_0 integrate end
2024-03-30 13:14:02,627 INFO     Processes_4_2 integrate end
2024-03-30 13:14:02,628 INFO     Processes_4 calc end
2024-03-30 13:14:02,628 INFO     Processes_5 calc start
2024-03-30 13:14:02,631 INFO     Processes_5_0 integrate start
2024-03-30 13:14:02,631 INFO     Processes_5_2 integrate start
2024-03-30 13:14:02,631 INFO     Processes_5_1 integrate start
2024-03-30 13:14:02,631 INFO     Processes_5_3 integrate start
2024-03-30 13:14:02,631 INFO     Processes_5_4 integrate start
2024-03-30 13:14:03,494 INFO     Processes_5_1 integrate end
2024-03-30 13:14:03,503 INFO     Processes_5_2 integrate end
2024-03-30 13:14:03,513 INFO     Processes_5_3 integrate end
2024-03-30 13:14:03,972 INFO     Processes_5_4 integrate end
2024-03-30 13:14:03,976 INFO     Processes_5_0 integrate end
2024-03-30 13:14:03,977 INFO     Processes_5 calc end
2024-03-30 13:14:03,977 INFO     Processes_6 calc start
2024-03-30 13:14:03,981 INFO     Processes_6_1 integrate start
2024-03-30 13:14:03,981 INFO     Processes_6_0 integrate start
2024-03-30 13:14:03,981 INFO     Processes_6_2 integrate start
2024-03-30 13:14:03,981 INFO     Processes_6_3 integrate start
2024-03-30 13:14:03,981 INFO     Processes_6_5 integrate start
2024-03-30 13:14:03,981 INFO     Processes_6_4 integrate start
2024-03-30 13:14:04,718 INFO     Processes_6_2 integrate end
2024-03-30 13:14:04,737 INFO     Processes_6_1 integrate end
2024-03-30 13:14:05,184 INFO     Processes_6_0 integrate end
2024-03-30 13:14:05,196 INFO     Processes_6_3 integrate end
2024-03-30 13:14:05,304 INFO     Processes_6_5 integrate end
2024-03-30 13:14:05,306 INFO     Processes_6_4 integrate end
2024-03-30 13:14:05,308 INFO     Processes_6 calc end
2024-03-30 13:14:05,308 INFO     Processes_7 calc start
2024-03-30 13:14:05,311 INFO     Processes_7_0 integrate start
2024-03-30 13:14:05,312 INFO     Processes_7_1 integrate start
2024-03-30 13:14:05,312 INFO     Processes_7_2 integrate start
2024-03-30 13:14:05,312 INFO     Processes_7_3 integrate start
2024-03-30 13:14:05,312 INFO     Processes_7_4 integrate start
2024-03-30 13:14:05,312 INFO     Processes_7_6 integrate start
2024-03-30 13:14:05,312 INFO     Processes_7_5 integrate start
2024-03-30 13:14:06,104 INFO     Processes_7_3 integrate end
2024-03-30 13:14:06,454 INFO     Processes_7_4 integrate end
2024-03-30 13:14:06,458 INFO     Processes_7_0 integrate end
2024-03-30 13:14:06,496 INFO     Processes_7_6 integrate end
2024-03-30 13:14:06,550 INFO     Processes_7_2 integrate end
2024-03-30 13:14:06,665 INFO     Processes_7_1 integrate end
2024-03-30 13:14:06,673 INFO     Processes_7_5 integrate end
2024-03-30 13:14:06,675 INFO     Processes_7 calc end
2024-03-30 13:14:06,675 INFO     Processes_8 calc start
2024-03-30 13:14:06,680 INFO     Processes_8_0 integrate start
2024-03-30 13:14:06,680 INFO     Processes_8_1 integrate start
2024-03-30 13:14:06,680 INFO     Processes_8_3 integrate start
2024-03-30 13:14:06,680 INFO     Processes_8_2 integrate start
2024-03-30 13:14:06,680 INFO     Processes_8_4 integrate start
2024-03-30 13:14:06,680 INFO     Processes_8_5 integrate start
2024-03-30 13:14:06,680 INFO     Processes_8_6 integrate start
2024-03-30 13:14:06,680 INFO     Processes_8_7 integrate start
2024-03-30 13:14:08,032 INFO     Processes_8_7 integrate end
2024-03-30 13:14:08,035 INFO     Processes_8_1 integrate end
2024-03-30 13:14:08,037 INFO     Processes_8_2 integrate end
2024-03-30 13:14:08,039 INFO     Processes_8_0 integrate end
2024-03-30 13:14:08,041 INFO     Processes_8_4 integrate end
2024-03-30 13:14:08,042 INFO     Processes_8_3 integrate end
2024-03-30 13:14:08,045 INFO     Processes_8_5 integrate end
2024-03-30 13:14:08,052 INFO     Processes_8_6 integrate end
2024-03-30 13:14:08,054 INFO     Processes_8 calc end
2024-03-30 13:14:08,054 INFO     Threads_1 calc start
2024-03-30 13:14:08,054 INFO     Threads_1_0 integrate start
2024-03-30 13:14:12,428 INFO     Threads_1_0 integrate end
2024-03-30 13:14:12,428 INFO     Threads_1 calc end
2024-03-30 13:14:12,428 INFO     Threads_2 calc start
2024-03-30 13:14:12,428 INFO     Threads_2_0 integrate start
2024-03-30 13:14:12,433 INFO     Threads_2_1 integrate start
2024-03-30 13:14:16,244 INFO     Threads_2_1 integrate end
2024-03-30 13:14:16,272 INFO     Threads_2_0 integrate end
2024-03-30 13:14:16,273 INFO     Threads_2 calc end
2024-03-30 13:14:16,273 INFO     Threads_3 calc start
2024-03-30 13:14:16,273 INFO     Threads_3_0 integrate start
2024-03-30 13:14:16,278 INFO     Threads_3_1 integrate start
2024-03-30 13:14:16,288 INFO     Threads_3_2 integrate start
2024-03-30 13:14:20,039 INFO     Threads_3_0 integrate end
2024-03-30 13:14:20,053 INFO     Threads_3_2 integrate end
2024-03-30 13:14:20,075 INFO     Threads_3_1 integrate end
2024-03-30 13:14:20,075 INFO     Threads_3 calc end
2024-03-30 13:14:20,075 INFO     Threads_4 calc start
2024-03-30 13:14:20,075 INFO     Threads_4_0 integrate start
2024-03-30 13:14:20,080 INFO     Threads_4_1 integrate start
2024-03-30 13:14:20,086 INFO     Threads_4_2 integrate start
2024-03-30 13:14:20,101 INFO     Threads_4_3 integrate start
2024-03-30 13:14:23,474 INFO     Threads_4_3 integrate end
2024-03-30 13:14:23,521 INFO     Threads_4_1 integrate end
2024-03-30 13:14:23,970 INFO     Threads_4_0 integrate end
2024-03-30 13:14:24,052 INFO     Threads_4_2 integrate end
2024-03-30 13:14:24,052 INFO     Threads_4 calc end
2024-03-30 13:14:24,052 INFO     Threads_5 calc start
2024-03-30 13:14:24,052 INFO     Threads_5_0 integrate start
2024-03-30 13:14:24,058 INFO     Threads_5_1 integrate start
2024-03-30 13:14:24,093 INFO     Threads_5_2 integrate start
2024-03-30 13:14:24,109 INFO     Threads_5_3 integrate start
2024-03-30 13:14:24,129 INFO     Threads_5_4 integrate start
2024-03-30 13:14:27,092 INFO     Threads_5_2 integrate end
2024-03-30 13:14:27,398 INFO     Threads_5_0 integrate end
2024-03-30 13:14:27,492 INFO     Threads_5_1 integrate end
2024-03-30 13:14:27,876 INFO     Threads_5_4 integrate end
2024-03-30 13:14:27,956 INFO     Threads_5_3 integrate end
2024-03-30 13:14:27,956 INFO     Threads_5 calc end
2024-03-30 13:14:27,956 INFO     Threads_6 calc start
2024-03-30 13:14:27,956 INFO     Threads_6_0 integrate start
2024-03-30 13:14:27,961 INFO     Threads_6_1 integrate start
2024-03-30 13:14:27,972 INFO     Threads_6_2 integrate start
2024-03-30 13:14:27,977 INFO     Threads_6_3 integrate start
2024-03-30 13:14:28,002 INFO     Threads_6_4 integrate start
2024-03-30 13:14:28,013 INFO     Threads_6_5 integrate start
2024-03-30 13:14:31,285 INFO     Threads_6_4 integrate end
2024-03-30 13:14:31,619 INFO     Threads_6_0 integrate end
2024-03-30 13:14:31,728 INFO     Threads_6_5 integrate end
2024-03-30 13:14:31,800 INFO     Threads_6_2 integrate end
2024-03-30 13:14:31,863 INFO     Threads_6_1 integrate end
2024-03-30 13:14:31,922 INFO     Threads_6_3 integrate end
2024-03-30 13:14:31,922 INFO     Threads_6 calc end
2024-03-30 13:14:31,922 INFO     Threads_7 calc start
2024-03-30 13:14:31,922 INFO     Threads_7_0 integrate start
2024-03-30 13:14:31,922 INFO     Threads_7_1 integrate start
2024-03-30 13:14:31,933 INFO     Threads_7_2 integrate start
2024-03-30 13:14:31,938 INFO     Threads_7_3 integrate start
2024-03-30 13:14:32,014 INFO     Threads_7_4 integrate start
2024-03-30 13:14:32,096 INFO     Threads_7_5 integrate start
2024-03-30 13:14:32,686 INFO     Threads_7_6 integrate start
2024-03-30 13:14:34,676 INFO     Threads_7_0 integrate end
2024-03-30 13:14:35,034 INFO     Threads_7_2 integrate end
2024-03-30 13:14:35,501 INFO     Threads_7_4 integrate end
2024-03-30 13:14:35,629 INFO     Threads_7_3 integrate end
2024-03-30 13:14:35,971 INFO     Threads_7_1 integrate end
2024-03-30 13:14:36,035 INFO     Threads_7_6 integrate end
2024-03-30 13:14:36,042 INFO     Threads_7_5 integrate end
2024-03-30 13:14:36,043 INFO     Threads_7 calc end
2024-03-30 13:14:36,043 INFO     Threads_8 calc start
2024-03-30 13:14:36,043 INFO     Threads_8_0 integrate start
2024-03-30 13:14:36,043 INFO     Threads_8_1 integrate start
2024-03-30 13:14:36,043 INFO     Threads_8_2 integrate start
2024-03-30 13:14:36,053 INFO     Threads_8_3 integrate start
2024-03-30 13:14:36,140 INFO     Threads_8_4 integrate start
2024-03-30 13:14:36,334 INFO     Threads_8_5 integrate start
2024-03-30 13:14:36,909 INFO     Threads_8_6 integrate start
2024-03-30 13:14:36,950 INFO     Threads_8_7 integrate start
2024-03-30 13:14:38,453 INFO     Threads_8_0 integrate end
2024-03-30 13:14:38,803 INFO     Threads_8_2 integrate end
2024-03-30 13:14:39,077 INFO     Threads_8_1 integrate end
2024-03-30 13:14:39,367 INFO     Threads_8_5 integrate end
2024-03-30 13:14:39,643 INFO     Threads_8_6 integrate end
2024-03-30 13:14:40,209 INFO     Threads_8_4 integrate end
2024-03-30 13:14:40,215 INFO     Threads_8_3 integrate end
2024-03-30 13:14:40,226 INFO     Threads_8_7 integrate end
2024-03-30 13:14:40,226 INFO     Threads_8 calc end
